{
"/Users/Philippe/Documents/_DEV/app_seed/server/routes/api.js":{"path":"/Users/Philippe/Documents/_DEV/app_seed/server/routes/api.js","s":{"1":1,"2":0,"3":0},"b":{},"f":{"1":0},"fnMap":{"1":{"name":"(anonymous_1)","line":7,"loc":{"start":{"line":7,"column":10},"end":{"line":7,"column":29}}}},"statementMap":{"1":{"start":{"line":5,"column":0},"end":{"line":15,"column":1}},"2":{"start":{"line":8,"column":6},"end":{"line":10,"column":8}},"3":{"start":{"line":11,"column":6},"end":{"line":11,"column":44}}},"branchMap":{},"l":{"5":1,"8":0,"11":0}}}
